

*******************************************************************************
Thu Nov 30 10:19:29 2023


FIT:    data read from 'ordem-exp-euler.dat' u 1:(abs(0.63222941839548519 - $5))
        format = x:z
        #datapoints = 4
        residuals are weighted equally (unit weight)

function used for fitting: f(x)
	f(x) = a*x*x
fitted parameters initialized with current variable values

iter      chisq       delta/lim  lambda   a            
   0 6.3562387349e-05   0.00e+00  5.16e-03    1.000000e+00
   4 1.2668635115e-09  -7.80e-07  5.16e-07    2.280057e-01

After 4 iterations the fit converged.
final sum of squares of residuals : 1.26686e-09
rel. change during last iteration : -7.79997e-12

degrees of freedom    (FIT_NDF)                        : 3
rms of residuals      (FIT_STDFIT) = sqrt(WSSR/ndf)    : 2.05496e-05
variance of residuals (reduced chisquare) = WSSR/ndf   : 4.22288e-10

Final set of parameters            Asymptotic Standard Error
=======================            ==========================
a               = 0.228006         +/- 0.00199      (0.8727%)


*******************************************************************************
Thu Nov 30 10:21:24 2023


FIT:    data read from 'ordem-exp-euler.dat' u 1:(abs(0.63222941839548519 - $5))
        format = x:z
        #datapoints = 3
        residuals are weighted equally (unit weight)

function used for fitting: f(x)
	f(x) = a*x*x
fitted parameters initialized with current variable values

iter      chisq       delta/lim  lambda   a            
   0 4.0511863984e-06   0.00e+00  1.49e-03    1.000000e+00
   4 7.6536000624e-10  -4.06e-07  1.49e-07    2.195971e-01

After 4 iterations the fit converged.
final sum of squares of residuals : 7.6536e-10
rel. change during last iteration : -4.05614e-12

degrees of freedom    (FIT_NDF)                        : 2
rms of residuals      (FIT_STDFIT) = sqrt(WSSR/ndf)    : 1.95622e-05
variance of residuals (reduced chisquare) = WSSR/ndf   : 3.8268e-10

Final set of parameters            Asymptotic Standard Error
=======================            ==========================
a               = 0.219597         +/- 0.007586     (3.454%)


*******************************************************************************
Thu Nov 30 10:24:25 2023


FIT:    data read from 'ordem-exp-euler.dat' u 1:(abs($5 - 0.63222941839548519))
        format = x:z
        #datapoints = 4
        residuals are weighted equally (unit weight)

function used for fitting: f(x)
	f(x) = a*x*x
fitted parameters initialized with current variable values

iter      chisq       delta/lim  lambda   a            
   0 6.3562387349e-05   0.00e+00  5.16e-03    1.000000e+00
   4 1.2668635115e-09  -7.80e-07  5.16e-07    2.280057e-01

After 4 iterations the fit converged.
final sum of squares of residuals : 1.26686e-09
rel. change during last iteration : -7.79997e-12

degrees of freedom    (FIT_NDF)                        : 3
rms of residuals      (FIT_STDFIT) = sqrt(WSSR/ndf)    : 2.05496e-05
variance of residuals (reduced chisquare) = WSSR/ndf   : 4.22288e-10

Final set of parameters            Asymptotic Standard Error
=======================            ==========================
a               = 0.228006         +/- 0.00199      (0.8727%)


*******************************************************************************
Thu Nov 30 10:25:06 2023


FIT:    data read from 'ordem-exp-euler.dat' u 1:(abs($5 - 0.63222941839548519))
        format = x:z
        #datapoints = 4
        residuals are weighted equally (unit weight)

function used for fitting: f(x)
	f(x) = a*x*x
fitted parameters initialized with current variable values

iter      chisq       delta/lim  lambda   a            
   0 6.3562387349e-05   0.00e+00  5.16e-03    1.000000e+00
   4 1.2668635115e-09  -7.80e-07  5.16e-07    2.280057e-01

After 4 iterations the fit converged.
final sum of squares of residuals : 1.26686e-09
rel. change during last iteration : -7.79997e-12

degrees of freedom    (FIT_NDF)                        : 3
rms of residuals      (FIT_STDFIT) = sqrt(WSSR/ndf)    : 2.05496e-05
variance of residuals (reduced chisquare) = WSSR/ndf   : 4.22288e-10

Final set of parameters            Asymptotic Standard Error
=======================            ==========================
a               = 0.228006         +/- 0.00199      (0.8727%)


*******************************************************************************
Thu Nov 30 10:26:20 2023


FIT:    data read from 'ordem-exp-euler.dat' u 1:(abs($5 - 0.63222941839548519))
        format = x:z
        #datapoints = 4
        residuals are weighted equally (unit weight)

function used for fitting: f(x)
	f(x) = a*x*x
fitted parameters initialized with current variable values

iter      chisq       delta/lim  lambda   a            
   0 6.3562387349e-05   0.00e+00  5.16e-03    1.000000e+00
   4 1.2668635115e-09  -7.80e-07  5.16e-07    2.280057e-01

After 4 iterations the fit converged.
final sum of squares of residuals : 1.26686e-09
rel. change during last iteration : -7.79997e-12

degrees of freedom    (FIT_NDF)                        : 3
rms of residuals      (FIT_STDFIT) = sqrt(WSSR/ndf)    : 2.05496e-05
variance of residuals (reduced chisquare) = WSSR/ndf   : 4.22288e-10

Final set of parameters            Asymptotic Standard Error
=======================            ==========================
a               = 0.228006         +/- 0.00199      (0.8727%)
